<?xml version="1.0" encoding="UTF-8"?>
<!-- Generated by org.testng.reporters.JUnitReportReporter -->
<testsuite skipped="0" hostname="HGCEKQ3.local" name="com.jisr.testCases.TC_001_VerifySorting" tests="3" failures="0" timestamp="16 Sep 2020 15:09:13 GMT" time="20.768" errors="0">
  <testcase name="sortedMovieLists" time="2.840" classname="com.jisr.testCases.TC_001_VerifySorting"/>
  <testcase name="fetchLists" time="16.795" classname="com.jisr.testCases.TC_001_VerifySorting"/>
  <testcase name="verifySort" time="1.133" classname="com.jisr.testCases.TC_001_VerifySorting"/>
</testsuite> <!-- com.jisr.testCases.TC_001_VerifySorting -->
